00:00:00.601804 VirtualBox GUI VM Selector Window 7.0.6 r155176 linux.amd64 (Jan 11 2023 17:19:56) release log
00:00:00.601807 Log opened 2023-05-07T20:51:14.017174000Z
00:00:00.601808 Build Type: release
00:00:00.601815 OS Product: Linux
00:00:00.601817 OS Release: 6.2.14-300.fc38.x86_64
00:00:00.601818 OS Version: #1 SMP PREEMPT_DYNAMIC Mon May  1 00:55:28 UTC 2023
00:00:00.601858 DMI Product Name: MacBookPro8,1
00:00:00.601874 DMI Product Version: 1.0
00:00:00.601890 Firmware type: UEFI
00:00:00.601904 Secure Boot: Disabled
00:00:00.601957 Host RAM: 15892MB (15.5GB) total, 14553MB (14.2GB) available
00:00:00.601961 Executable: /usr/lib/virtualbox/VirtualBox
00:00:00.601962 Process ID: 5331
00:00:00.601962 Package type: LINUX_64BITS_FEDORA_36
00:00:00.601999 Qt version: 5.15.9
00:00:00.602868 GUI: UIMediumEnumerator: Initial medium-enumeration finished!
00:00:00.663082 GUI: UIMediumEnumerator: Medium-enumeration started...
00:00:01.443905 GUI: UIMediumEnumerator: Medium-enumeration finished!
00:00:01.489264 GUI: UIDesktopWidgetWatchdog::sltHandleHostScreenAvailableGeometryCalculated: Screen 0 work area is actually resized to: 326x42 x 310x751
00:00:01.491485 GUI: UIDesktopWidgetWatchdog::sltHandleHostScreenAvailableGeometryCalculated: Screen 1 work area is actually resized to: 645x42 x 310x751
00:00:04.026612 GUI: UICommon: Handling aboutToQuit request..
00:00:05.131905 GUI: UICommon: aboutToQuit request handled!
