00:00:00.002384 main     VirtualBox XPCOM Server 7.0.6 r155176 linux.amd64 (Jan 11 2023 17:19:56) release log
00:00:00.002388 main     Log opened 2023-05-07T20:51:13.802071000Z
00:00:00.002389 main     Build Type: release
00:00:00.002393 main     OS Product: Linux
00:00:00.002394 main     OS Release: 6.2.14-300.fc38.x86_64
00:00:00.002395 main     OS Version: #1 SMP PREEMPT_DYNAMIC Mon May  1 00:55:28 UTC 2023
00:00:00.002499 main     DMI Product Name: MacBookPro8,1
00:00:00.002510 main     DMI Product Version: 1.0
00:00:00.002518 main     Firmware type: UEFI
00:00:00.002601 main     Secure Boot: Disabled
00:00:00.002647 main     Host RAM: 15892MB (15.5GB) total, 14555MB (14.2GB) available
00:00:00.002651 main     Executable: /usr/lib/virtualbox/VBoxSVC
00:00:00.002652 main     Process ID: 5354
00:00:00.002652 main     Package type: LINUX_64BITS_FEDORA_36
00:00:00.003908 main     IPC socket path: /tmp/.vbox-lrenner-ipc/ipcd
00:00:00.108415 nspr-2   VirtualBox: object creation starts
00:00:00.108562 nspr-2   Home directory: '/home/lrenner/.config/VirtualBox'
00:00:00.108898 nspr-2   Loading settings file "/home/lrenner/.config/VirtualBox/VirtualBox.xml" with version "1.12-linux"
00:00:00.124725 nspr-2   NetIfAdpCtlOut: VBoxNetAdpCtl: Error while retrieving link status for wlp3s0: VBoxNetAdpCtl: ioctl failed: Operation not supported
00:00:00.125717 nspr-2   HostDnsMonitor: initializing
00:00:00.126047 nspr-2   NAT: resolv.conf: nameserver 127.0.0.53
00:00:00.126061 nspr-2   NAT: resolv.conf: ignoring "options edns0 trust-ad"
00:00:00.126074 nspr-2   HostDnsMonitor: updating information
00:00:00.126088 nspr-2   HostDnsMonitor: old information
00:00:00.126093 nspr-2     no server entries
00:00:00.126096 nspr-2     no domain set
00:00:00.126100 nspr-2     no search string entries
00:00:00.126104 nspr-2   HostDnsMonitor: new information
00:00:00.126107 nspr-2     server 1: 127.0.0.53
00:00:00.126111 nspr-2     domain: localdomain
00:00:00.126115 nspr-2     search string 1: localdomain
00:00:00.128832 nspr-2   VD: VDInit finished with VINF_SUCCESS
00:00:00.130512 nspr-2   Loading settings file "/home/lrenner/VirtualBox VMs/Windows 10/Windows 10.vbox" with version "1.19-linux"
00:00:00.131256 nspr-2   VirtualBox: object created
00:00:00.222593 nspr-4   Saving settings file "/home/lrenner/.config/VirtualBox/VirtualBox.xml" with version "1.12-linux"
00:00:00.236903 nspr-4   Finished saving settings file "/home/lrenner/.config/VirtualBox/VirtualBox.xml"
00:00:00.237150 nspr-4   Saving settings file "/home/lrenner/.config/VirtualBox/VirtualBox.xml" with version "1.12-linux"
00:00:00.253082 nspr-4   Finished saving settings file "/home/lrenner/.config/VirtualBox/VirtualBox.xml"
00:00:00.253601 nspr-4   Saving settings file "/home/lrenner/.config/VirtualBox/VirtualBox.xml" with version "1.12-linux"
00:00:00.269262 nspr-4   Finished saving settings file "/home/lrenner/.config/VirtualBox/VirtualBox.xml"
00:00:01.066678 nspr-3   WARNING [COM]: aRC=NS_ERROR_FAILURE (0x80004005) aIID={e54f6256-97a7-4947-8a78-10c013ddf4b8} aComponent={HostWrap} aText={VirtualBox is not currently allowed to access USB devices.  You can change this by adding your user to the 'vboxusers' group.  Please see the user manual for a more detailed explanation}, preserve=true aResultDetail=0
00:00:01.069974 nspr-3   WARNING [COM]: aRC=NS_ERROR_FAILURE (0x80004005) aIID={e54f6256-97a7-4947-8a78-10c013ddf4b8} aComponent={HostWrap} aText={VirtualBox is not currently allowed to access USB devices.  You can change this by adding your user to the 'vboxusers' group.  Please see the user manual for a more detailed explanation}, preserve=false aResultDetail=0
00:00:01.155164 nspr-3   ERROR [COM]: aRC=VBOX_E_INVALID_VM_STATE (0x80bb0002) aIID={300763af-5d6b-46e6-aa96-273eac15538a} aComponent={MachineWrap} aText={The machine is not mutable (state is PoweredOff)}, preserve=false aResultDetail=0
00:00:01.365044 nspr-4   WARNING [COM]: aRC=NS_ERROR_FAILURE (0x80004005) aIID={e54f6256-97a7-4947-8a78-10c013ddf4b8} aComponent={HostWrap} aText={VirtualBox is not currently allowed to access USB devices.  You can change this by adding your user to the 'vboxusers' group.  Please see the user manual for a more detailed explanation}, preserve=true aResultDetail=0
00:00:01.367643 nspr-4   WARNING [COM]: aRC=NS_ERROR_FAILURE (0x80004005) aIID={e54f6256-97a7-4947-8a78-10c013ddf4b8} aComponent={HostWrap} aText={VirtualBox is not currently allowed to access USB devices.  You can change this by adding your user to the 'vboxusers' group.  Please see the user manual for a more detailed explanation}, preserve=true aResultDetail=0
00:00:01.662498 nspr-4   Saving settings file "/home/lrenner/.config/VirtualBox/VirtualBox.xml" with version "1.12-linux"
00:00:01.679905 nspr-4   Finished saving settings file "/home/lrenner/.config/VirtualBox/VirtualBox.xml"
00:00:09.722008 main     VirtualBox: object deletion starts
00:00:09.722131 main     ERROR [COM]: aRC=VBOX_E_OBJECT_IN_USE (0x80bb000c) aIID={ad47ad09-787b-44ab-b343-a082a3f2dfb1} aComponent={MediumWrap} aText={Medium '/home/lrenner/VirtualBox VMs/Windows 10/Windows 10.vdi' cannot be closed because it is still attached to 1 virtual machines}, preserve=false aResultDetail=0
00:00:09.723652 main     HostDnsMonitor: shutting down ...
00:00:09.724303 main     HostDnsMonitor: shut down
00:00:09.735486 Watcher  ERROR [COM]: aRC=E_ACCESSDENIED (0x80070005) aIID={7682d5eb-f00e-44f1-8ca2-99d08b1cd607} aComponent={VirtualBoxWrap} aText={The object is not ready}, preserve=false aResultDetail=0
00:00:09.735619 main     VirtualBox: object deleted
